<?xml version="1.0" encoding="UTF-8"?>
<!-- Generated by org.testng.reporters.JUnitXMLReporter -->
<testsuite hostname="DESKTOP-2PVS3VU" name="Course Title testing" tests="1" failures="1" timestamp="24 Mar 2021 12:31:20 GMT" time="23.534" errors="0">
  <testcase name="ValidatePageTitle" time="0.518" classname="Framework.ValidateCourseTitle">
    <failure type="java.lang.AssertionError" message="expected [PracticePage] but found [Practice Page]">
      <![CDATA[java.lang.AssertionError: expected [PracticePage] but found [Practice Page]
	at Framework.ValidateCourseTitle.ValidatePageTitle(ValidateCourseTitle.java:45)
	at java.util.concurrent.FutureTask.run(Unknown Source)
	at java.util.concurrent.ThreadPoolExecutor.runWorker(Unknown Source)
	at java.util.concurrent.ThreadPoolExecutor$Worker.run(Unknown Source)
	at java.lang.Thread.run(Unknown Source)
... Removed 21 stack frames]]>
    </failure>
  </testcase> <!-- ValidatePageTitle -->
</testsuite> <!-- Course Title testing -->
